2019-05-17 22:51:34.425:INFO::main: Logging initialized @266ms
2019-05-17 22:51:35.159:INFO:oejs.Server:main: jetty-9.3.z-SNAPSHOT
2019-05-17 22:51:35.222:INFO:oejs.AbstractConnector:main: Started ServerConnector@3f270e0a{HTTP/1.1,[http/1.1]}{0.0.0.0:8080}
2019-05-17 22:51:35.222:INFO:oejs.Server:main: Started @1064ms
java.lang.NullPointerException
	at org.uqbar.project.wollok.server.WollokServer$3$1.apply(WollokServer.java:101)
	at org.uqbar.project.wollok.server.WollokServer$3$1.apply(WollokServer.java:1)
	at org.eclipse.xtext.xbase.lib.ObjectExtensions.operator_doubleArrow(ObjectExtensions.java:139)
	at org.uqbar.project.wollok.server.JSonWriter.object(JSonWriter.java:157)
	at org.uqbar.project.wollok.server.WollokServer$3.apply(WollokServer.java:165)
	at org.uqbar.project.wollok.server.WollokServer$3.apply(WollokServer.java:1)
	at org.eclipse.xtext.xbase.lib.ObjectExtensions.operator_doubleArrow(ObjectExtensions.java:139)
	at org.uqbar.project.wollok.server.JSonWriter.writeJson(JSonWriter.java:37)
	at org.uqbar.project.wollok.server.WollokServer.handle(WollokServer.java:176)
	at org.eclipse.jetty.server.handler.HandlerWrapper.handle(HandlerWrapper.java:134)
	at org.eclipse.jetty.server.Server.handle(Server.java:524)
	at org.eclipse.jetty.server.HttpChannel.handle(HttpChannel.java:319)
	at org.eclipse.jetty.server.HttpConnection.onFillable(HttpConnection.java:253)
	at org.eclipse.jetty.io.AbstractConnection$ReadCallback.succeeded(AbstractConnection.java:273)
	at org.eclipse.jetty.io.FillInterest.fillable(FillInterest.java:95)
	at org.eclipse.jetty.io.SelectChannelEndPoint$2.run(SelectChannelEndPoint.java:93)
	at org.eclipse.jetty.util.thread.strategy.ExecuteProduceConsume.executeProduceConsume(ExecuteProduceConsume.java:303)
	at org.eclipse.jetty.util.thread.strategy.ExecuteProduceConsume.produceConsume(ExecuteProduceConsume.java:148)
	at org.eclipse.jetty.util.thread.strategy.ExecuteProduceConsume.run(ExecuteProduceConsume.java:136)
	at org.eclipse.jetty.util.thread.QueuedThreadPool.runJob(QueuedThreadPool.java:671)
	at org.eclipse.jetty.util.thread.QueuedThreadPool$2.run(QueuedThreadPool.java:589)
	at java.lang.Thread.run(Thread.java:748)
java.lang.NullPointerException
	at org.uqbar.project.wollok.server.WollokServer$3$1.apply(WollokServer.java:101)
	at org.uqbar.project.wollok.server.WollokServer$3$1.apply(WollokServer.java:1)
	at org.eclipse.xtext.xbase.lib.ObjectExtensions.operator_doubleArrow(ObjectExtensions.java:139)
	at org.uqbar.project.wollok.server.JSonWriter.object(JSonWriter.java:157)
	at org.uqbar.project.wollok.server.WollokServer$3.apply(WollokServer.java:165)
	at org.uqbar.project.wollok.server.WollokServer$3.apply(WollokServer.java:1)
	at org.eclipse.xtext.xbase.lib.ObjectExtensions.operator_doubleArrow(ObjectExtensions.java:139)
	at org.uqbar.project.wollok.server.JSonWriter.writeJson(JSonWriter.java:37)
	at org.uqbar.project.wollok.server.WollokServer.handle(WollokServer.java:176)
	at org.eclipse.jetty.server.handler.HandlerWrapper.handle(HandlerWrapper.java:134)
	at org.eclipse.jetty.server.Server.handle(Server.java:524)
	at org.eclipse.jetty.server.HttpChannel.handle(HttpChannel.java:319)
	at org.eclipse.jetty.server.HttpConnection.onFillable(HttpConnection.java:253)
	at org.eclipse.jetty.io.AbstractConnection$ReadCallback.succeeded(AbstractConnection.java:273)
	at org.eclipse.jetty.io.FillInterest.fillable(FillInterest.java:95)
	at org.eclipse.jetty.io.SelectChannelEndPoint$2.run(SelectChannelEndPoint.java:93)
	at org.eclipse.jetty.util.thread.strategy.ExecuteProduceConsume.executeProduceConsume(ExecuteProduceConsume.java:303)
	at org.eclipse.jetty.util.thread.strategy.ExecuteProduceConsume.produceConsume(ExecuteProduceConsume.java:148)
	at org.eclipse.jetty.util.thread.strategy.ExecuteProduceConsume.run(ExecuteProduceConsume.java:136)
	at org.eclipse.jetty.util.thread.QueuedThreadPool.runJob(QueuedThreadPool.java:671)
	at org.eclipse.jetty.util.thread.QueuedThreadPool$2.run(QueuedThreadPool.java:589)
	at java.lang.Thread.run(Thread.java:748)
2019-05-17 22:54:27.362:INFO::main: Logging initialized @199ms
2019-05-17 22:54:28.031:INFO:oejs.Server:main: jetty-9.3.z-SNAPSHOT
2019-05-17 22:54:28.049:INFO:oejs.AbstractConnector:main: Started ServerConnector@49443264{HTTP/1.1,[http/1.1]}{0.0.0.0:8080}
2019-05-17 22:54:28.049:INFO:oejs.Server:main: Started @887ms
java.lang.NullPointerException
	at org.uqbar.project.wollok.server.WollokServer$3$1.apply(WollokServer.java:101)
	at org.uqbar.project.wollok.server.WollokServer$3$1.apply(WollokServer.java:1)
	at org.eclipse.xtext.xbase.lib.ObjectExtensions.operator_doubleArrow(ObjectExtensions.java:139)
	at org.uqbar.project.wollok.server.JSonWriter.object(JSonWriter.java:157)
	at org.uqbar.project.wollok.server.WollokServer$3.apply(WollokServer.java:165)
	at org.uqbar.project.wollok.server.WollokServer$3.apply(WollokServer.java:1)
	at org.eclipse.xtext.xbase.lib.ObjectExtensions.operator_doubleArrow(ObjectExtensions.java:139)
	at org.uqbar.project.wollok.server.JSonWriter.writeJson(JSonWriter.java:37)
	at org.uqbar.project.wollok.server.WollokServer.handle(WollokServer.java:176)
	at org.eclipse.jetty.server.handler.HandlerWrapper.handle(HandlerWrapper.java:134)
	at org.eclipse.jetty.server.Server.handle(Server.java:524)
	at org.eclipse.jetty.server.HttpChannel.handle(HttpChannel.java:319)
	at org.eclipse.jetty.server.HttpConnection.onFillable(HttpConnection.java:253)
	at org.eclipse.jetty.io.AbstractConnection$ReadCallback.succeeded(AbstractConnection.java:273)
	at org.eclipse.jetty.io.FillInterest.fillable(FillInterest.java:95)
	at org.eclipse.jetty.io.SelectChannelEndPoint$2.run(SelectChannelEndPoint.java:93)
	at org.eclipse.jetty.util.thread.strategy.ExecuteProduceConsume.executeProduceConsume(ExecuteProduceConsume.java:303)
	at org.eclipse.jetty.util.thread.strategy.ExecuteProduceConsume.produceConsume(ExecuteProduceConsume.java:148)
	at org.eclipse.jetty.util.thread.strategy.ExecuteProduceConsume.run(ExecuteProduceConsume.java:136)
	at org.eclipse.jetty.util.thread.QueuedThreadPool.runJob(QueuedThreadPool.java:671)
	at org.eclipse.jetty.util.thread.QueuedThreadPool$2.run(QueuedThreadPool.java:589)
	at java.lang.Thread.run(Thread.java:748)
java.lang.NullPointerException
	at org.uqbar.project.wollok.server.WollokServer$3$1.apply(WollokServer.java:101)
	at org.uqbar.project.wollok.server.WollokServer$3$1.apply(WollokServer.java:1)
	at org.eclipse.xtext.xbase.lib.ObjectExtensions.operator_doubleArrow(ObjectExtensions.java:139)
	at org.uqbar.project.wollok.server.JSonWriter.object(JSonWriter.java:157)
	at org.uqbar.project.wollok.server.WollokServer$3.apply(WollokServer.java:165)
	at org.uqbar.project.wollok.server.WollokServer$3.apply(WollokServer.java:1)
	at org.eclipse.xtext.xbase.lib.ObjectExtensions.operator_doubleArrow(ObjectExtensions.java:139)
	at org.uqbar.project.wollok.server.JSonWriter.writeJson(JSonWriter.java:37)
	at org.uqbar.project.wollok.server.WollokServer.handle(WollokServer.java:176)
	at org.eclipse.jetty.server.handler.HandlerWrapper.handle(HandlerWrapper.java:134)
	at org.eclipse.jetty.server.Server.handle(Server.java:524)
	at org.eclipse.jetty.server.HttpChannel.handle(HttpChannel.java:319)
	at org.eclipse.jetty.server.HttpConnection.onFillable(HttpConnection.java:253)
	at org.eclipse.jetty.io.AbstractConnection$ReadCallback.succeeded(AbstractConnection.java:273)
	at org.eclipse.jetty.io.FillInterest.fillable(FillInterest.java:95)
	at org.eclipse.jetty.io.SelectChannelEndPoint$2.run(SelectChannelEndPoint.java:93)
	at org.eclipse.jetty.util.thread.strategy.ExecuteProduceConsume.executeProduceConsume(ExecuteProduceConsume.java:303)
	at org.eclipse.jetty.util.thread.strategy.ExecuteProduceConsume.produceConsume(ExecuteProduceConsume.java:148)
	at org.eclipse.jetty.util.thread.strategy.ExecuteProduceConsume.run(ExecuteProduceConsume.java:136)
	at org.eclipse.jetty.util.thread.QueuedThreadPool.runJob(QueuedThreadPool.java:671)
	at org.eclipse.jetty.util.thread.QueuedThreadPool$2.run(QueuedThreadPool.java:589)
	at java.lang.Thread.run(Thread.java:748)
